<?xml version="1.0" encoding="UTF-8"?>
<!-- Generated by org.testng.reporters.JUnitReportReporter -->
<testsuite hostname="DESKTOP-T4G2BMJ" failures="0" tests="1" name="com.writeexcel.Data" time="1.201" errors="0" timestamp="2022-02-16T23:19:44 IST" skipped="0">
  <testcase classname="com.writeexcel.Data" name="data" time="1.201"/>
  <system-out/>
</testsuite> <!-- com.writeexcel.Data -->
