<?xml version="1.0" encoding="UTF-8"?>
<!-- Generated by org.testng.reporters.JUnitReportReporter -->
<testsuite hostname="DESKTOP-T4G2BMJ" failures="0" tests="3" name="com.loginpage.LoginClass" time="0.368" errors="0" timestamp="2022-02-14T14:13:12 IST" skipped="0">
  <testcase classname="com.loginpage.LoginClass" name="userName" time="0.119"/>
  <system-out/>
  <testcase classname="com.loginpage.LoginClass" name="password" time="0.103"/>
  <system-out/>
  <testcase classname="com.loginpage.LoginClass" name="button" time="0.146"/>
  <system-out/>
</testsuite> <!-- com.loginpage.LoginClass -->
