<?xml version="1.0" encoding="UTF-8"?>
<!-- Generated by org.testng.reporters.JUnitReportReporter -->
<testsuite hostname="DESKTOP-T4G2BMJ" failures="0" tests="1" name="com.excelreading.ReadExcel" time="0.908" errors="0" timestamp="2022-02-17T13:38:56 IST" skipped="0">
  <testcase classname="com.excelreading.ReadExcel" name="reading" time="0.908"/>
  <system-out/>
</testsuite> <!-- com.excelreading.ReadExcel -->
