<?xml version="1.0" encoding="UTF-8"?>
<!-- Generated by org.testng.reporters.JUnitReportReporter -->
<testsuite hostname="DESKTOP-T4G2BMJ" failures="0" tests="2" name="com.loginpage.TC2" time="0.015" errors="0" timestamp="2022-02-15T18:03:15 IST" skipped="0">
  <testcase classname="com.loginpage.TC2" name="test4" time="0.009"/>
  <system-out/>
  <testcase classname="com.loginpage.TC2" name="test3" time="0.006"/>
  <system-out/>
</testsuite> <!-- com.loginpage.TC2 -->
